Configuration file: C:/Users/prosi/Dropbox/Repositories/prosidecon.github.io/_config.yml
            Source: C:/Users/prosi/Dropbox/Repositories/prosidecon.github.io
       Destination: C:/Users/prosi/Dropbox/Repositories/prosidecon.github.io/_site
 Incremental build: disabled. Enable with --incremental
      Generating... 
                    done in 0.13 seconds.
 Auto-regeneration: enabled for 'C:/Users/prosi/Dropbox/Repositories/prosidecon.github.io'
    Server address: http://127.0.0.1:4000/
  Server running... press ctrl-c to stop.
      Regenerating: 1 file(s) changed at 2026-04-20 18:24:41
                    jekyll-serve.out.log
                    ...done in 0.1044809 seconds.
                    
      Regenerating: 1 file(s) changed at 2026-04-20 18:24:57
                    jekyll-serve.err.log
                    ...done in 0.1154512 seconds.
                    
[2026-04-20 18:24:57] ERROR Errno::ECONNRESET: An existing connection was forcibly closed by the remote host. @ io_fillbuf - fd:6 
	C:/Users/prosi/Dropbox/Repositories/prosidecon.github.io/vendor/bundle/ruby/3.4.0/gems/webrick-1.9.2/lib/webrick/httpserver.rb:82:in 'IO#eof?'
	C:/Users/prosi/Dropbox/Repositories/prosidecon.github.io/vendor/bundle/ruby/3.4.0/gems/webrick-1.9.2/lib/webrick/httpserver.rb:82:in 'WEBrick::HTTPServer#run'
	C:/Users/prosi/Dropbox/Repositories/prosidecon.github.io/vendor/bundle/ruby/3.4.0/gems/webrick-1.9.2/lib/webrick/server.rb:309:in 'block in WEBrick::GenericServer#start_thread'
      Regenerating: 1 file(s) changed at 2026-04-20 18:24:58
                    jekyll-serve.err.log
                    ...done in 0.0537685 seconds.
                    
      Regenerating: 1 file(s) changed at 2026-04-20 18:25:09
                    jekyll-serve.out.log
                    ...done in 0.0562817 seconds.
                    
[2026-04-20 18:26:40] ERROR '/images/hero.jpg' not found.
[2026-04-20 18:26:41] ERROR '/images/hero.jpg' not found.
[2026-04-20 18:26:56] ERROR '/images/hero.jpg' not found.
[2026-04-20 18:27:58] ERROR '/images/hero.jpg' not found.
[2026-04-20 18:28:03] ERROR '/images/hero.jpg' not found.
[2026-04-20 18:29:00] ERROR '/images/hero.jpg' not found.
[2026-04-20 18:39:43] ERROR '/papers/fdi-forward-linkages-services-inputs.pdf' not found.
[2026-04-20 18:40:40] ERROR '/images/hero.jpg' not found.
[2026-04-20 18:40:40] ERROR '/images/hero.jpg' not found.
[2026-04-20 18:41:09] ERROR '/images/hero.jpg' not found.
      Regenerating: 1 file(s) changed at 2026-04-20 18:44:21
                    SETUP_NOTES.md
                    ...done in 0.060048 seconds.
                    
      Regenerating: 1 file(s) changed at 2026-04-20 18:44:28
                    SETUP_NOTES.md
                    ...done in 0.0441755 seconds.
                    
      Regenerating: 1 file(s) changed at 2026-04-20 18:44:32
                    SETUP_NOTES.md
                    ...done in 0.0430289 seconds.
                    
